[    000000]inx verson 4.15.0-88-generic (builddlg01-amd4-36) (gc verion .4 (Ubnt 7..0ubuntu1~104.1)) #8-Ubuntu SMP Tue Feb 11 0:11:34 UTC 2020 (Ubuntu.15.0-88.88-generic 4.15.18)
[    0.000000] Commd ine:BO_IMAE=oot/mluz-4.1.088-gnec rootLAEL=cloudimg-rootfs ro consol=ty1 conolttyS0[   .00000KENEL suppted cus:
[    0.00000]   InteGeuineIntel
[   0.000000]  AMD AthnticD
[    0.000000]   Centaur CentaurHauls
[    0.000000] x86/fpu: Supporting XSAVE feature 0x001: 'x87 floating point registers'
[    0.000000] x86/fpu: Supporting XSAVE feature 0x002: 'SSE regiser'
[    000000]x8fpu:Supportin XSAE ature x04: 'AVX registers'
[    0.0000] x8/fu: xstate_offset[2]:5576,state_iz[2]:256
[  000000]x86/fpu: naled stte fatres 07,contxt size is 832 bytes, using 'standard' formatt.
[   0.000000] e820: BIOS-provided physical RAM map:
[    0.000000] BIOS-e820: [mem 0x0000000000000000-0x000000000009fbff] usable
[    0.000000] BIOS-e820: [mem 0x000000000009fc00-0x000000000009ffff] reserved
[    0.000000] BIOS-e820 [em 000000000f0000x00000000000fffff] reserved
[    0.00000] BI-e20[mem x000000001000-0x000000feffff] sabl
    0.000000] BS-e80:[mem0x0000003fff0000x00000003ffffff] ACPI data
[    0.000000] BIOS-e820: [mem 0x00000000fec00000-0x00000000fec00fff] reserved
[    0.000000] BIOS-e820: [mem 0x00000000fee00000-0x00000000fee00fff]eserved
[    0.000000] BIOS-e820: [mem 0x00000000fffc0000-0x00000000fffffff] reserved
[    0.000000] NX (Execute Disable) protection: active
[    0.000000] SMBIOS 2.5 present.
[    0.000000] DMI: innotek GmbH VirtualBox/VirtualBox, BIOS VirtualBox 12/01/2006
[    0.000000] Hypervisor deteed KVMM
[    0.000000] e820: last_pfn = 0x3fff0 m_arch_pfn =0x40000000
[   0.0000] TRR: Dsaled
[  0.00000 x86PA MTRRsdisbled sppin P iniiaization o.
[   0.0000]PU MTRs ll blk - viralized system.
[    0.000000] x86/PAT: Configuration [0-7]: WB  WT  UC- UC  WB  WT  UC- UC  
[    0.000000] found SMP MP-table at [mem 0x0009fff0-0x0009ffff]
[    0.000000] Scanning 1 areas for lowemory corruption
[    0.000000] RAMDISK: [mem 0x35a6d000-0x36d2dfff]
[    0.000000] ACPI: arly table cecsum verificio disbld
[  0.0000] CPI: RDP0x00000000000000 00004 (v02 BOX  )
[  000000]ACPI: XSDT 000000003FF030 003C (v0 VX   BOXSDT 000001 AL  0000061
[    0.000000] ACPI: ACP 0x000000003FFF00F0 0000F4 (v04 VBOX   VBOXFACP 00000001 ASL  00000061)
[    0.000000] ACPI: DSDT 0x000000003FFF0470 0021FF (v02VBOX   VBOXBIOS 00000002 INTL 20100528)
[    0.000000] ACPI: FACS 0x000000003FFF0200 000040
[    0.000000] ACPI: FACS 0x000000003FFF0200 000040
[    0.000000] ACPI: APIC 0x000000003FFF0240 00005C (v02 VBOX   VBOXAPIC0000001 SL  00000061)
    .00000] CP: SS 0x000003FF0A0 01C (v0 VOX   VBOPU 00002 INL 2010528
    .00000 No NA onfiurtion found
[    0.000000] Faking a node at [mem 0x0000000000000000-0x000000003ffeffff]
[    0.000000] NODE_DATA(0) allocated [mem 0x3ffc5000-0x3ffeffff]
[    0.000000] kvm-clock: cpu 0, msr 0:3ff44001, primary cpu clock
[    0.000000] kvm-clock: Using msrs 4b564d01 and 4b564d00
[    0.000000] kvm-clock: using sched offset of 3787590184 cycles
[    0.000000] clocksource: kvm-clock: mask: 0xffffffffffffffff max_cycles: 0x1cd42e4dffb, max_idle_ns: 881590591483 ns
[    0.000000] Zone ranges:
[    0.000000]   DMA      [mem 0x0000000000001000-0x0000000000ffffff]
[    0.000000]   DMA32    [mem 0x0000000001000000-0x000000003ffeffff]
[    0.000000]   Normal   empty
[    0.000000]   Device   empty
[    0.000000] Movable zone start for each node
[    0.000000] Early memory node ranges
[    0.000000]   node   0: [mem 0x0000000000001000-0x000000000009efff]
[   0000000]   node  : [mem0x000000000100000-0x000000003ffeffff]
[    0.000000] Reserved but unavailable: 98 pages
[    0.000000] Initmem setup node 0[mem 0x0000000000001000-0x000000003ffeffff]
[    0.000000] ACPI: PM-Timer IO Port: 0x4008
[    0.000000] IOAPIC[0]: apic_id 2, version 32, address 0xfec00000, GSI 0-23
[    0.000000] ACPI: INT_SRC_OVR (bus 0 bus_irq 0 globalirq 2 dl fl)[   0.00000] ACPI: INTRC_OVR(bs 0 bus_irq 9 obl_ir9 ow lve
[    0000 Usig CPI (AD) for SMconfguation nformation
[    0.000000] smpboot: Allowing 2 CPUs, 0 hotplug CPUs
[    0.000000] PM: Registered nosave memory: [mem 0x00000000-0x00000fff]
[    0.000000] PM: Registered nosave memory: [mem 0x0009f000-0x0009ffff]
[    0.000000] PM: Registered nosave memory: [mem 0x000a0000-0x000effff]
[    0.000000] PM: Registered nosave memory: [mem 0x000f0000-0x000fffff]
[    0.000000] e820: [mem 0x40000000-0xfebfffff] available for PCI evices
[   0.0000] Boing paravirtalzed kernel on KVM
[    .000000 clocksource: refined-jiffies: mask: 0xffffffff max_cycles: 0xffffffff, max_idle_ns: 7645519600211568 ns
[    0.000000] random: get_random_bytes called from start_kernel+0x99/0x4fd with crng_init=0
[    0.000000] setup_percpu: NR_CPUS:8192 nr_cpumask_bits:2 nr_cpu_ids:2 nr_node_ids:1
[    0.000000] percpu: Embedded 45 pages/cpu s147456 r8192 d28672 u1048576
[    0.000000] PV qspinlock hash table entries: 256 (order:0,4096byes)
[    00000]Built 1zonelits,mobity groung on. otl pages25793[    0.0000] Pliy zone:DM32
    .0000] Kernel command line: BOOTIMAGE=/boot/vmlinuz-4.15.0-88-generic root=LABEL=cloudimg-rootfs ro console=tty1 cosole=tty
[   0.00000] Memory: 983068K/1048120K available (12300K kernel code, 2481K rwdata, 4264K rodata, 2428K init2712K bs, 5052reserved, K ca-reseved)
[  0.000000] SLUB:HWlign=64 Oder=-3, MiObjects=0, Us=2, ods=
[   0.000000] Kernel/User page tables isolation: enabled
[    0.000000] ftrace: allocating 39344 entries in 154 pages
[    0.004000] Hierarchical RCU implementation.
[    0.004000] 	RCU restricting CPUs from NR_CPUS=8192 to nr_cpu_ids=2.
[   .004000] 	Tasks RU nabled.[    0.00400] RCU: Adjuing omety r rcfanout_eaf=16, nrcpu_ids=2
[    0.004000 NR_IRQS: 524544, nr_irqs: 440, preallocated irqs: 16
[   0.004000] Console: colour VG+ 80x5
[    .00400consol [y1] enbld
[  000400]console [tty0] enabld
[   0.00000] APICore revion 01831
[  0.00400 ACP: ACPI AMLable sccssfuly aquired and loaded
[    0.004000] APIC: Switch to symmetric I/O mode setup
[    0.004291] x2apic enabled
[    0.008006] Switched APIC routing to physical x2apic.
[    0.012907] ..TIMER: vector=0x30 apic1=0 pin1=2 apic2=-1 pin2=-1
[    0.016006] tsc: Detected 2304.000 MHz processor
[    0.020013] Calibrating delay loop (skipped) preset value.. 4608.00 BogoMIPS (lpj=9216000)
[    0.021681] pid_max: default: 32768 minimum: 301
[    0.022565] Security Framework initialized
[    0.023372] Yama: becoming mindful.
[    0.024030] AppArmor: AppArmor initialized
[    0.026352] Dentry cache hash table entries: 131072 (order: 8, 1048576 bytes)
[    0.028089] Inode-cache hash table entries: 65536 (order: 7, 524288 bytes)
[    0.032047] Mount-cache hash table entries: 2048 (order: 2, 16384 bytes)
[    0.033542] Mountpoint-cache hash table entries: 2048 (order: 2, 16384 bytes)
[    0.036256] Last level iTLB entries: 4KB 64, 2MB 8, 4MB 8
[    0.037628] Last level dTLB entries: 4KB 64, 2MB 0, 4MB 0, 1GB 4
[    0.039049] Spectre V1 : Mitigation: usercopy/swapgs barriers and __user pointer sanitization
[    0.040007] Spectre V2 : Mitigation: Full generic retpoline
[    0.044006] Spectre V2 : Spectre v2 / SpectreRSB mitigation: Filling RSB on context switch
[    0.048004] Speculative Store Bypass: Vulnerable
[    0.052047] MDS: Mitigation: Clear CPU buffers
[    0.053270] Freeing SMP alternatives memory: 36K
[    0.164400] smpboot: CPU0: Intel(R) Core(TM) i5-8259U CPU @ 2.30GHz (family: 0x6, model: 0x8e, stepping: 0xa)
[    0.168118] Performance Events: unsupported p6 CPU model 142 no PMU driver, software events only.
[    0.172072] Hierarchical SRCU implementation.
[    0.173442] NMI watchdog: Perf event create on CPU 0 failed with -2
[    0.176001] NMI watchdog: Perf NMI watchdog permanently disabled
[    0.177214] smp: Bringing up secondary CPUs ...
[    0.178158] x86: Booting SMP configuration:
[    0.178936] .... node  #0, CPUs:      #1
[    0.004000] kvm-clock: cpu 1, msr 0:3ff44041, secondary cpu clock
[    0.182701] smp: Brought up 1 node, 2 CPUs
[    0.182701] smpboot: Max logical packages: 1
[    0.184004] smpboot: Total of 2 processors activated (9216.00 BogoMIPS)
[    0.185270] devtmpfs: initialized
[    0.185270] x86/mm: Memory block size: 128MB
[    0.185610] evm: security.selinux
[    0.188003] evm: security.SMACK64
[    0.192006] evm: security.SMACK64EXEC
[    0.196005] evm: security.SMACK64TRANSMUTE
[    0.200007] evm: security.SMACK64MMAP
[    0.204006] evm: security.apparmor
[    0.208007] evm: security.ima
[    0.212006] evm: security.capability
[    0.216158] clocksource: jiffies: mask: 0xffffffff max_cycles: 0xffffffff, max_idle_ns: 7645041785100000 ns
[    0.220023] futex hash table entries: 512 (order: 3, 32768 bytes)
[    0.225625] pinctrl core: initialized pinctrl subsystem
[    0.228265] RTC time: 12:31:50, date: 03/11/20
[    0.232200] NET: Registered protocol family 16
[    0.233246] audit: initializing netlink subsys (disabled)
[    0.236049] audit: type=2000 audit(1583929903.397:1): state=initialized audit_enabled=0 res=1
[    0.237542] cpuidle: using governor ladder
[    0.237542] cpuidle: using governor menu
[    0.240034] ACPI: bus type PCI registered
[    0.244010] acpiphp: ACPI Hot Plug PCI Controller Driver version: 0.5
[    0.248120] PCI: Using configuration type 1 for base access
[    0.249514] HugeTLB registered 2.00 MiB page size, pre-allocated 0 pages
[    0.252104] ACPI: Added _OSI(Module Device)
[    0.256008] ACPI: Added _OSI(Processor Device)
[    0.260005] ACPI: Added _OSI(3.0 _SCP Extensions)
[    0.260884] ACPI: Added _OSI(Processor Aggregator Device)
[    0.264008] ACPI: Added _OSI(Linux-Dell-Video)
[    0.268002] ACPI: Added _OSI(Linux-Lenovo-NV-HDMI-Audio)
[    0.272007] ACPI: Added _OSI(Linux-HPI-Hybrid-Graphics)
[    0.276438] ACPI: Executed 1 blocks of module-level executable AML code
[    0.281198] ACPI: Interpreter enabled
[    0.284024] ACPI: (supports S0 S5)
[    0.288008] ACPI: Using IOAPIC for interrupt routing
[    0.292409] PCI: Using host bridge windows from ACPI; if necessary, use "pci=nocrs" and report a bug
[    0.296327] ACPI: Enabled 2 GPEs in block 00 to 07
[    0.309407] ACPI: PCI Root Bridge [PCI0] (domain 0000 [bus 00-ff])
[    0.312015] acpi PNP0A03:00: _OSC: OS supports [ASPM ClockPM Segments MSI]
[    0.316050] acpi PNP0A03:00: _OSC: not requesting OS control; OS requires [ExtendedConfig ASPM ClockPM MSI]
[    0.320022] acpi PNP0A03:00: fail to add MMCONFIG information, can't access extended PCI configuration space under this bridge.
[    0.324514] PCI host bridge to bus 0000:00
[    0.328008] pci_bus 0000:00: root bus resource [io  0x0000-0x0cf7 window]
[    0.332008] pci_bus 0000:00: root bus resource [io  0x0d00-0xffff window]
[    0.336010] pci_bus 0000:00: root bus resource [mem 0x000a0000-0x000bffff window]
[    0.340008] pci_bus 0000:00: root bus resource [mem 0x40000000-0xfdffffff window]
[    0.344009] pci_bus 0000:00: root bus resource [bus 00-ff]
[    0.352323] pci 0000:00:01.1: legacy IDE quirk: reg 0x10: [io  0x01f0-0x01f7]
[    0.356007] pci 0000:00:01.1: legacy IDE quirk: reg 0x14: [io  0x03f6]
[    0.360007] pci 0000:00:01.1: legacy IDE quirk: reg 0x18: [io  0x0170-0x0177]
[    0.364007] pci 0000:00:01.1: legacy IDE quirk: reg 0x1c: [io  0x0376]
[    0.384319] pci 0000:00:07.0: quirk: [io  0x4000-0x403f] claimed by PIIX4 ACPI
[    0.385818] pci 0000:00:07.0: quirk: [io  0x4100-0x410f] claimed by PIIX4 SMB
[    0.393797] ACPI: PCI Interrupt Link [LNKA] (IRQs 5 9 10 *11)
[    0.396375] ACPI: PCI Interrupt Link [LNKB] (IRQs 5 9 *10 11)
[    0.400189] ACPI: PCI Interrupt Link [LNKC] (IRQs 5 *9 10 11)
[    0.404157] ACPI: PCI Interrupt Link [LNKD] (IRQs 5 9 10 *11)
[    0.408401] SCSI subsystem initialized
[    0.412061] pci 0000:00:02.0: vgaarb: setting as boot VGA device
[    0.416000] pci 0000:00:02.0: vgaarb: VGA device added: decodes=io+mem,owns=io+mem,locks=none
[    0.416033] pci 0000:00:02.0: vgaarb: bridge control possible
[    0.420005] vgaarb: loaded
[    0.424058] ACPI: bus type USB registered
[    0.428046] usbcore: registered new interface driver usbfs
[    0.432034] usbcore: registered new interface driver hub
[    0.433026] usbcore: registered new device driver usb
[    0.434019] EDAC MC: Ver: 3.0.0
[    0.436122] PCI: Using ACPI for IRQ routing
[    0.437103] NetLabel: Initializing
[    0.437751] NetLabel:  domain hash size = 128
[    0.438543] NetLabel:  protocols = UNLABELED CIPSOv4 CALIPSO
[    0.439585] NetLabel:  unlabeled traffic allowed by default
[    0.440073] clocksource: Switched to clocksource kvm-clock
[    0.23] S:isk quotas dquot_6.6.0
[    0.637315] VFS: Dquot-cache hash table entries: 512 (order 0, 4096 byte)
[    0.661719] AppArmor: AppArmor Filesystem Enabled
[    0.663298] pnp: PnP ACPI init
[    0.665853] pnp: PnP ACPI: found 3 devices

[    0.678936] clocoue:cppmma: 0xffffff max_cycl: ffffmaidlens207024s    1.366 N: gier ptocol family 2

[    1.746117] TCP established hash table entries: 8192 (order: 4, 65536 ytes)

[    1.776791] TCP bind hash table entries: 8192 (order: 5, 131072 bytes)
[    1.779599] TCP: Hash tables configured (established 8192 bind 8192)
[    1.781066] UDP hash table entries: 512 (order: 2, 16384 bytes)
[    1.782126] UDP-Lite hash table entries: 512 (order: 2, 16384 bytes)
[    1.783306] NET: Registered protocol family 1
[    1.784194] pci 0000:00:00.0: Limiting direct PCI/PCI transfers
[    1.785760] pci 0000:00:01.0: titig SA DMA ang rkous  2.80] i 000:.0Vio vi wh adow R at[mem 0x000c0000-0x000dffff]

[    2.836192] Unpacking initramfs...
[    3.105940] Freeing initrd memory: 19204K
[    3.187388] clocksource: tsc: mask: 0xffffffffffffffff max_cycles: 0x2135f7c97c8, max_idle_ns: 440795273205 ns
[    3.249806] platform rtc_cmos: registered platform RTC device (no PNP device found)
[    3.420415] Scanning for low memory corruption every 60 seconds
[    3.461483] Initialise system trusted keyrings
[    3.462371] Key type blacklist registered
[    3.463437] workingset: timestamp_bits=36 max_order=18 bucket_order=0
[    3.530926] zbud: loaded
[    3.578191] squashfs: version 4.0 (2009/01/31) Phillip Lougher
[    3.685082] fuse init (API version 7.26)
[    3.785435] Key type asymmetric registered
[    3.786242] Asymmetric key parser 'x509' registered
[    3.787159] Block layer SCSI generic (bsg) driver version 0.4 loaded (major 246)
[    3.788687] io scheduler noop registered
[    3.789418] io scheduler deadline registered
[    3.790242] io scheduler cfq registered (default)
[    3.791662] ACPI: AC Adapter [AC] (off-line)
[    3.792685] input: Power Button as /devices/LNXSYSTM:00/LNXPWRBN:00/input/input0
[    3.794125] ACPI: Power Button [PWRF]
[    3.794900] input: Sleep Button as /devices/LNXSYSTM:00/LNXSLPBN:00/input/input1
[    3.796231] ACPI: Sleep Button [SLPF]
[    3.797233] Serial: 8250/16550 driver, 32 ports, IRQ sharing enabled
[    3.798175] ACPI: Battery Slot [BAT0] (battery present)
[    3.851536] 00:02: ttyS0 at I/O 0x3f8 (irq = 4, base_baud = 115200) is a 16550A
[    3.914404] Linux agpgart interface v0.103
[    3.917843] loop: module loaded
[    3.921803] scsi host0: ata_piix
[    3.922883] scsi host1: ata_piix
[    3.923766] ata1: PATA max UDMA/33 cmd 0x1f0 ctl 0x3f6 bmdma 0xd000 irq 14
[    3.926507] ata2: PATA max UDMA/33 cmd 0x170 ctl 0x376 bmdma 0xd008 irq 15
[    3.931011] libphy: Fixed MDIO Bus: probed
[    3.934764] tun: Universal TUN/TAP device driver, 1.6
[    3.938005] PPP generic driver version 2.4.2
[    3.941662] ehci_hcd: USB 2.0 'Enhanced' Host Controller (EHCI) Driver
[    3.943933] ehci-pci: EHCI PCI platform driver
[    3.946413] ehci-platform: EHCI generic platform driver
[    3.947992] ohci_hcd: USB 1.1 'Open' Host Controller (OHCI) Driver
[    3.951629] ohci-pci: OHCI PCI platform driver
[    3.954182] ohci-platform: OHCI generic platform driver
[    3.955494] uhci_hcd: USB Universal Host Controller Interface driver
[    3.957328] i8042: PNP: PS/2 Controller [PNP0303:PS2K,PNP0f03:PS2M] at 0x60,0x64 irq 1,12
[    3.961921] serio: i8042 KBD port at 0x60,0x64 irq 1
[    3.962881] serio: i8042 AUX port at 0x60,0x64 irq 12
[    3.963977] mousedev: PS/2 mouse device common for all mice
[    3.965256] input: AT Translated Set 2 keyboard as /devices/platform/i8042/serio0/input/input2
[    4.170373] rtc_cmos rtc_cmos: rtc core: registered rtc_cmos as rtc0
[    4.261925] rtc_cmos rtc_cmos: alarms up to one day, 114 bytes nvram
[    4.384569] i2c /dev entries driver
[    4.450020] device-mapper: uevent: version 1.0.3
[    4.462111] device-mapper: ioctl: 4.37.0-ioctl (2017-09-20) initialised: dm-devel@redhat.com
[    4.598371] ledtrig-cpu: registered to indicate activity on CPUs
[    4.734580] NET: Registered protocol family 10
[    4.824070] Segment Routing with IPv6
[    4.875320] NET: Registered protocol family 17
[    4.944582] Key type dns_resolver registered
[    4.960944] mce: Using 0 MCE banks
[    4.961627] RAS: Correctable Errors collector initialized.
[    4.962625] sched_clock: Marking stable (4960923052, 0)->(18216810100, -13255887048)
[    4.964621] registered taskstats version 1
[    4.965387] Loading compiled-in X.509 certificates
[    4.970692] Loaded X.509 cert 'Build time autogenerated kernel key: f0020782f0d3a548186fb3f47aed88387a71e859'
[    4.972569] zswap: loaded using pool lzo/zbud
[    4.976873] Key type big_key registered
[    4.977672] Key type trusted registered
[    4.979612] Key type encrypted registered
[    4.990171] AppArmor: AppArmor sha1 policy hashing enabled
[    5.005303] ima: No TPM chip found, activating TPM-bypass! (rc=-19)
[    5.008551] ima: Allocated hash algorithm: sha1
[    5.012962] evm: HMAC attrs: 0x1
[    5.014145]   Magic number: 12:556:531
[    5.015415] tty ttyS11: hash matches
[    5.016485] rtc_cmos rtc_cmos: setting system clock to 2020-03-11 12:31:56 UTC (1583929916)
[    5.025087] BIOS EDD facility v0.16 2004-Jun-25, 0 devices found
[    5.029592] EDD information not available.
[    5.035511] Freeing unused kernel image memory: 2428K
[    5.060478] Write protecting the kernel read-only data: 20480k
[    5.175385] Freeing unused kernel image memory: 2008K
[    5.984157] Freeing unused kernel image memory: 1880K
[    6.925489] x86/mm: Checked W+X mappings: passed, no W+X pages found.
[    7.948165] x86/mm: Checking user space page tables
[    8.697474] x86/mm: Checked W+X mappings: passed, no W+X pages found.
Loading, please wait...
starting version 237
[   10.003206] Fusion MPT base driver 3.04.20
[   10.010979] Copyright (c) 1999-2008 LSI Corporation
[   10.025501] AVX2 version of gcm_enc/dec engaged.
[   10.109870] AES CTR mode by8 optimization enabled
[   10.267772] input: ImExPS/2 Generic Explorer Mouse as /devices/platform/i8042/serio1/input/input4
[   10.451171] Fusion MPT SPI Host driver 3.04.20
[   10.465044] e1000: Intel(R) PRO/1000 Network Driver - version 7.3.21-k8-NAPI
[   10.469282] mptbase: ioc0: Initiating bringup
[   10.483596] e1000: Copyright (c) 1999-2006 Intel Corporation.
[   10.620032] ioc0: LSI53C1030 A0: Capabilities={Initiator}
[   12.166774] scsi host2: ioc0: LSI53C1030 A0, FwRev=00000000h, Ports=1, MaxQ=256, IRQ=20
[   14.051879] scsi 2:0:0:0: Direct-Access     VBOX     HARDDISK         1.0  PQ: 0 ANSI: 5
[   15.344099] scsi target2:0:0: Beginning Domain Validation
[   15.400810] scsi target2:0:0: Domain Validation skipping write tests
[   15.402012] scsi target2:0:0: Ending Domain Validation
[   15.403038] scsi target2:0:0: asynchronous
[   15.404128] scsi 2:0:1:0: Direct-Access     VBOX     HARDDISK         1.0  PQ: 0 ANSI: 5
[   15.460405] scsi target2:0:1: Beginning Domain Validation
[   15.473668] e1000 0000:00:03.0 eth0: (PCI:33MHz:32-bit) 02:33:ec:f4:7d:44
[   15.644988] random: fast init done
[   15.760560] e1000 0000:00:03.0 eth0: Intel(R) PRO/1000 Network Connection
[   15.915861] scsi target2:0:1: Domain Validation skipping write tests
[   15.917773] random: systemd-udevd: uninitialized urandom read (16 bytes read)
[   15.923843] scsi target2:0:1: Ending Domain Validation
[   15.934965] scsi target2:0:1: asynchronous
[   15.935046] random: systemd-udevd: uninitialized urandom read (16 bytes read)
[   15.941351] random: systemd-udevd: uninitialized urandom read (16 bytes read)
[   15.943221] sd 2:0:0:0: Attached scsi generic sg0 type 0
[   15.946095] e1000 0000:00:03.0 enp0s3: renamed from eth0
[   15.952640] sd 2:0:0:0: [sda] 20971520 512-byte logical blocks: (10.7 GB/10.0 GiB)
[   15.964633] sd 2:0:1:0: Attached scsi generic sg1 type 0
[   15.964853] sd 2:0:0:0: [sda] Write Protect is off
[   15.967644] sd 2:0:1:0: [sdb] 20480 512-byte logical blocks: (10.5 MB/10.0 MiB)
[   15.967780] sd 2:0:0:0: [sda] Incomplete mode parameter data
[   15.972805] sd 2:0:0:0: [sda] Assuming drive cache: write through
[   15.972839] sd 2:0:1:0: [sdb] Write Protect is off
[   16.002305]  sda: sda1
[   16.054994] sd 2:0:1:0: [sdb] Incomplete mode parameter data
[   16.055101] sd 2:0:0:0: [sda] Attached SCSI disk
[   16.125169] sd 2:0:1:0: [sdb] Assuming drive cache: write through
[   16.523905] sd 2:0:1:0: [sdb] Attached SCSI disk
Begin: Loading essential drivers ... [   17.944298] raid6: sse2x1   gen() 12952 MB/s
[   18.068411] raid6: sse2x1   xor()  8666 MB/s
[   18.116305] raid6: sse2x2   gen() 14758 MB/s
[   18.172515] raid6: sse2x2   xor()  9209 MB/s
[   18.284222] raid6: sse2x4   gen() 18432 MB/s
[   18.396215] raid6: sse2x4   xor() 11347 MB/s
[   18.492669] raid6: avx2x1   gen() 25573 MB/s
[   18.616223] raid6: avx2x1   xor() 17910 MB/s
[   18.740014] raid6: avx2x2   gen() 30041 MB/s
[   18.848218] raid6: avx2x2   xor() 19580 MB/s
[   18.956240] raid6: avx2x4   gen() 34937 MB/s
[   19.064253] raid6: avx2x4   xor() 21268 MB/s
[   19.072403] raid6: using algorithm avx2x4 gen() 34937 MB/s
[   19.073376] raid6: .... xor() 21268 MB/s, rmw enabled
[   19.074293] raid6: using avx2x2 recovery algorithm
[   19.076513] xor: automatically using best checksumming function   avx       
[   19.078840] async_tx: api initialized (async)
done.
Begin: Running /scripts/init-premount ... done.
Begin: Mounting root file system ... Begin: Running /scripts/local-top ... done.
[   19.114691] Btrfs loaded, crc32c=crc32c-intel
Begin: Running /scripts/local-premount ... Scanning for Btrfs filesystems
done.
Warning: fsck not present, so skipping root file system
[   19.239659] EXT4-fs (sda1): mounted filesystem with ordered data mode. Opts: (null)
done.
Begin: Running /scripts/local-bottom ... done.
Begin: Running /scripts/init-bottom ... done.
[   19.405975] ip_tables: (C) 2000-2006 Netfilter Core Team
[   19.416693] systemd[1]: systemd 237 running in system mode. (+PAM +AUDIT +SELINUX +IMA +APPARMOR +SMACK +SYSVINIT +UTMP +LIBCRYPTSETUP +GCRYPT +GNUTLS +ACL +XZ +LZ4 +SECCOMP +BLKID +ELFUTILS +KMOD -IDN2 +IDN -PCRE2 default-hierarchy=hybrid)
[   19.420425] systemd[1]: Detected virtualization oracle.
[   19.421389] systemd[1]: Detected architecture x86-64.

Welcome to [1mUbuntu 18.04.4 LTS[0m!

[   19.436655] systemd[1]: Set hostname to <ubuntu-bionic>.
[   19.691002] systemd[1]: Started Forward Password Requests to Wall Directory Watch.
[[0;32m  OK  [0m] Started Forward Password Requests to Wall Directory Watch.
[   19.693991] systemd[1]: Reached target System Time Synchronized.
[[0;32m  OK  [0m] Reached target System Time Synchronized.
[   19.696499] systemd[1]: Set up automount Arbitrary Executable File Formats File System Automount Point.
[[0;32m  OK  [0m] Set up automount Arbitrary Executab…rmats File System Automount Point.
[   19.753593] systemd[1]: Created slice User and Session Slice.
[[0;32m  OK  [0m] Created slice User and Session Slice.
[   20.073244] systemd[1]: Reached target User and Group Name Lookups.
[[0;32m  OK  [0m] Reached target User and Group Name Lookups.
[   20.092487] systemd[1]: Created slice System Slice.
[[0;32m  OK  [0m] Created slice System Slice.
[[0;32m  OK  [0m] Listening on Syslog Socket.
[[0;32m  OK  [0m] Listening on udev Kernel Socket.
[[0;32m  OK  [0m] Listening on Journal Audit Socket.
[[0;32m  OK  [0m] Listening on Network Service Netlink Socket.
[[0;32m  OK  [0m] Created slice system-serial\x2dgetty.slice.
[[0;32m  OK  [0m] Reached target Slices.
[[0;32m  OK  [0m] Listening on Device-mapper event daemon FIFOs.
[[0;32m  OK  [0m] Listening on udev Control Socket.
[[0;32m  OK  [0m] Listening on LVM2 metadata daemon socket.
[[0;32m  OK  [0m] Listening on Journal Socket (/dev/log).
[[0;32m  OK  [0m] Reached target Swap.
[[0;32m  OK  [0m] Listening on /dev/initctl Compatibility Named Pipe.
[[0;32m  OK  [0m] Listening on Journal Socket.
         Mounting Huge Pages File System...
         Starting Set the console keyboard layout...
         Mounting POSIX Message Queue File System...
         Starting Remount Root and Kernel File Systems...
         Starting Load Kernel Modules...
[   20.383971] EXT4-fs (sda1): re-mounted. Opts: (null)
         Starting Monitor[   20.476636] Loading iSCSI transport class v2.0-870.
ing of LVM2 mirrors…ng dmeventd or progress polling...
         Starting Create list of required st…ce nodes for the current kernel...
         Mounting Kernel Debug File System...
         Starting udev Coldplug all Devices...
         Starting Uncomplicated firewall...
         Starting Journal Service...
[   20.611262] iscsi: registered transport (tcp)
[   20.628705] iscsi: registered transport (iser)
[[0;32m  OK  [0m] Listening on LVM2 poll daemon socket.
[[0;32m  OK  [0m] Mounted Huge Pages File System.
[[0;32m  OK  [0m] Mounted POSIX Message Queue File System.
[[0;32m  OK  [0m] Started Remount Root and Kernel File Systems.
[[0;32m  OK  [0m] Started Load Kernel Modules.
[[0;32m  OK  [0m] Started Create list of required sta…vice nodes for the current kernel.
[[0;32m  OK  [0m] Mounted Kernel Debug File System.
[[0;32m  OK  [0m] Started Uncomplicated firewall.
         Starting Create Static Device Nodes in /dev...
         Mounting Kernel Configuration File System...
         Mounting FUSE Control File System...
         Starting Apply Kernel Variables...
         Starting Load/Save Random Seed...
[[0;32m  OK  [0m] Started Journal Service.
[[0;32m  OK  [0m] Started udev Coldplug all Devices.
[[0;32m  OK  [0m] Mounted Kernel Configuration File System.
[[0;32m  OK  [0m] Mounted FUSE Control File System.
[[0;32m  OK  [0m] Started Set the console keyboard layout.
[[0;32m  OK  [0m] Started Create Static Device Nodes in /dev.
[[0;32m  OK  [0m] Started Apply Kernel Variables.
[[0;32m  OK  [0m] Started Load/Save Random Seed.
[[0;32m  OK  [0m] Started LVM2 metadata daemon.
         Starting udev Kernel Device Manager...
         Starting Flush Journal to Persistent Storage...
[[0;32m  OK  [0m] Started Monitoring of LVM2 mirrors,…sing dmeventd or progress polling.
[[0;32m  OK  [0m] Reached target Local File Systems (Pre).
         Mounting Mount unit for core, revision 8689...
         Mounting Mount unit for code, revision 26...
[[0;32m  OK  [0m] Reached target Local File Systems.
         Starting Set console font and keymap...
         Starting Tell Plymouth To Write Out Runtime Data...
         Starting ebtables ruleset management...
         Starting AppArmor initialization...
         Mounting Mount unit for code, revision 25...
[[0;32m  OK  [0m] Started udev Kernel Device Manager.
[[0;32m  OK  [0m] Mounted Mount unit for core, revision 8689.
[[0;32m  OK  [0m] Mounted Mount unit for code, revision 26.
[[0;32m  OK  [0m] Started Set console font and keymap.
[[0;32m  OK  [0m] Started Tell Plymouth To Write Out Runtime Data.
[[0;32m  OK  [0m] Mounted Mount unit for code, revision 25.
[[0;32m  OK  [0m] Found device /dev/ttyS0.
[[0;32m  OK  [0m] Started ebtables ruleset management.
[[0;32m  OK  [0m] Listening on Load/Save RF Kill Switch Status /dev/rfkill Watch.
[[0;32m  OK  [0m] Started Dispatch Password Requests to Console Directory Watch.
[[0;32m  OK  [0m] Reached target Local Encrypted Volumes.
[[0;32m  OK  [0m] Started Flush Journal to Persistent Storage.
         Starting Create Volatile Files and Directories...
[[0;32m  OK  [0m] Started Create Volatile Files and Directories.
         Starting Update UTMP about System Boot/Shutdown...
[[0;32m  OK  [0m] Started Update UTMP about System Boot/Shutdown.
[[0;32m  OK  [0m] Started AppArmor initialization.
         Starting Initial cloud-init job (pre-networking)...
[   22.997193] cloud-init[572]: Cloud-init v. 19.4-33-gbb4131a2-0ubuntu1~18.04.1 running 'init-local' at Wed, 11 Mar 2020 12:32:14 +0000. Up 22.80 seconds.
[[0;32m  OK  [0m] Started Initial cloud-init job (pre-networking).
[[0;32m  OK  [0m] Reached target Network (Pre).
         Starting Network Service...
[[0;32m  OK  [0m] Started Network Service.
         Starting Wait for Network to be Configured...
         Starting Network Name Resolution...
[[0;32m  OK  [0m] Started Network Name Resolution.
[[0;32m  OK  [0m] Reached target Host and Network Name Lookups.
[[0;32m  OK  [0m] Reached target Network.
[[0;32m  OK  [0m] Started Wait for Network to be Configured.
         Starting Initial cloud-init job (metadata service crawler)...
[   24.963478] cloud-init[710]: Cloud-init v. 19.4-33-gbb4131a2-0ubuntu1~18.04.1 running 'init' at Wed, 11 Mar 2020 12:32:16 +0000. Up 24.84 seconds.
[   25.023272] cloud-init[710]: ci-info: ++++++++++++++++++++++++++++++++++++++Net device info++++++++++++++++++++++++++++++++++++++
[   25.035561] cloud-init[710]: ci-info: +--------+------+----------------------------+---------------+--------+-------------------+
[   25.051184] cloud-init[710]: ci-info: | Device |  Up  |          Address           |      Mask     | Scope  |     Hw-Address    |
[   25.053489] cloud-init[710]: ci-info: +--------+------+----------------------------+---------------+--------+-------------------+
[   25.055670] cloud-init[710]: ci-info: | enp0s3 | True |         10.0.2.15          | 255.255.255.0 | global | 02:33:ec:f4:7d:44 |
[   25.058073] cloud-init[710]: ci-info: | enp0s3 | True | fe80::33:ecff:fef4:7d44/64 |       .       |  link  | 02:33:ec:f4:7d:44 |
[   25.060446] cloud-init[710]: ci-info: |   lo   | True |         127.0.0.1          |   255.0.0.0   |  host  |         .         |
[   25.062934] cloud-init[710]: ci-info: |   lo   | True |          ::1/128           |       .       |  host  |         .         |
[   25.069596] cloud-init[710]: ci-info: +--------+------+----------------------------+---------------+--------+-------------------+
[   25.080231] cloud-init[710]: ci-info: ++++++++++++++++++++++++++++Route IPv4 info+++++++++++++++++++++++++++++
[   25.083142] cloud-init[710]: ci-info: +-------+-------------+----------+-----------------+-----------+-------+
[   25.084711] cloud-init[710]: ci-info: | Route | Destination | Gateway  |     Genmask     | Interface | Flags |
[   25.086364] cloud-init[710]: ci-info: +-------+-------------+----------+-----------------+-----------+-------+
[   25.096730] cloud-init[710]: ci-info: |   0   |   0.0.0.0   | 10.0.2.2 |     0.0.0.0     |   enp0s3  |   UG  |
[   25.098242] cloud-init[710]: ci-info: |   1   |   10.0.2.0  | 0.0.0.0  |  255.255.255.0  |   enp0s3  |   U   |
[   25.100433] cloud-init[710]: ci-info: |   2   |   10.0.2.2  | 0.0.0.0  | 255.255.255.255 |   enp0s3  |   UH  |
[   25.105457] cloud-init[710]: ci-info: +-------+-------------+----------+-----------------+-----------+-------+
[   25.107310] cloud-init[710]: ci-info: +++++++++++++++++++Route IPv6 info+++++++++++++++++++
[   25.108936] cloud-init[710]: ci-info: +-------+-------------+---------+-----------+-------+
[   25.110288] cloud-init[710]: ci-info: | Route | Destination | Gateway | Interface | Flags |
[   25.111542] cloud-init[710]: ci-info: +-------+-------------+---------+-----------+-------+
[   25.112825] cloud-init[710]: ci-info: |   1   |  fe80::/64  |    ::   |   enp0s3  |   U   |
[   25.114181] cloud-init[710]: ci-info: |   3   |    local    |    ::   |   enp0s3  |   U   |
[   25.115418] cloud-init[710]: ci-info: |   4   |   ff00::/8  |    ::   |   enp0s3  |   U   |
[   25.116700] cloud-init[710]: ci-info: +-------+-------------+---------+-----------+-------+
[[0;32m  OK  [0m] Started Initial cloud-init job (metadata service crawler).
[[0;32m  OK  [0m] Reached target Cloud-config availability.
[[0;32m  OK  [0m] Reached target Network is Online.
         Starting Availability of block devices...
[[0;32m  OK  [0m] Reached target Remote File Systems (Pre).
[[0;32m  OK  [0m] Reached target Remote File Systems.
[[0;32m  OK  [0m] Reached target System Initialization.
[[0;32m  OK  [0m] Listening on UUID daemon activation socket.
         Starting Socket activation for snappy daemon.
[[0;32m  OK  [0m] Listening on ACPID Listen Socket.
[[0;32m  OK  [0m] Started Daily Cleanup of Temporary Directories.
[[0;32m  OK  [0m] Started ACPI Events Check.
         Starting LXD - unix socket.
[[0;32m  OK  [0m] Listening on Open-iSCSI iscsid Socket.
[[0;32m  OK  [0m] Started Daily apt download activities.
[[0;32m  OK  [0m] Started Message of the Day.
[[0;32m  OK  [0m] Listening on D-Bus System Message Bus Socket.
[[0;32m  OK  [0m] Started Daily apt upgrade and clean activities.
[[0;32m  OK  [0m] Started Discard unused blocks once a week.
[[0;32m  OK  [0m] Reached target Timers.
[[0;32m  OK  [0m] Reached target Paths.
[[0;32m  OK  [0m] Started Availability of block devices.
[[0;32m  OK  [0m] Listening on Socket activation for snappy daemon.
[[0;32m  OK  [0m] Listening on LXD - unix socket.
[[0;32m  OK  [0m] Reached target Sockets.
[[0;32m  OK  [0m] Reached target Basic System.
         Starting Login Service...
         Starting Virtualbox guest utils...
[[0;32m  OK  [0m] Started D-Bus System Message Bus.
[[0;32m  OK  [0m] Started Deferred execution scheduler.
         Starting Dispatcher daemon for systemd-networkd...
[[0;32m  OK  [0m] Started FUSE filesystem for LXC.
         Starting LSB: automatic crash report generation...
[[0;32m  OK  [0m] Started Regular background program processing daemon.
         Starting Permit User Sessions...
         Starting LXD - container startup/shutdown...
         Starting OpenBSD Secure Shell server...
         Starting System Logging Service...
         Starting LSB: Record successful boot for GRUB...
         Starting Accounts Service...
[[0;32m  OK  [0m] Started irqbalance daemon.
         Starting Snappy daemon...
[[0;32m  OK  [0m] Started Dispatcher daemon for systemd-networkd.
[[0;32m  OK  [0m] Started System Logging Service.
[[0;32m  OK  [0m] Started Permit User Sessions.
[[0;32m  OK  [0m] Started OpenBSD Secure Shell server.
[[0;32m  OK  [0m] Started Login Service.
[[0;32m  OK  [0m] Started LXD - container startup/shutdown.
         Starting Authorization Manager...
[[0;32m  OK  [0m] Started Unattended Upgrades Shutdown.
         Starting Hold until boot process finishes up...
         Starting Terminate Plymouth Boot Screen...
[[0;32m  OK  [0m] Started Hold until boot process finishes up.
[[0;32m  OK  [0m] Started Terminate Plymouth Boot Screen.
         Starting Set console scheme...
[[0;32m  OK  [0m] Started Serial Getty on ttyS0.
[[0;32m  OK  [0m] Started Authorization Manager.
[[0;32m  OK  [0m] Started LSB: automatic crash report generation.
[[0;32m  OK  [0m] Started Accounts Service.
[[0;32m  OK  [0m] Started Virtualbox guest utils.
[[0;32m  OK  [0m] Started LSB: Record successful boot for GRUB.
[[0;32m  OK  [0m] Started Set console scheme.
[[0;32m  OK  [0m] Created slice system-getty.slice.
[[0;32m  OK  [0m] Started Getty on tty1.
[[0;32m  OK  [0m] Reached target Login Prompts.
[[0;32m  OK  [0m] Started Snappy daemon.
         Starting Wait until snapd is fully seeded...
[[0;32m  OK  [0m] Started Wait until snapd is fully seeded.
         Starting Apply the settings specified in cloud-config...
[[0;32m  OK  [0m] Reached target Multi-User System.
[[0;32m  OK  [0m] Reached target Graphical Interface.
         Starting Update UTMP about System Runlevel Changes...
[[0;32m  OK  [0m] Started Update UTMP about System Runlevel Changes.
[   27.740470] cloud-init[1222]: Cloud-init v. 19.4-33-gbb4131a2-0ubuntu1~18.04.1 running 'modules:config' at Wed, 11 Mar 2020 12:32:19 +0000. Up 27.65 seconds.
[[0;32m  OK  [0m] Started Apply the settings specified in cloud-config.
         Starting Execute cloud user/final scripts...
[   28.300507] cloud-init[1288]: Cloud-init v. 19.4-33-gbb4131a2-0ubuntu1~18.04.1 running 'modules:final' at Wed, 11 Mar 2020 12:32:19 +0000. Up 28.21 seconds.
[[0;32m  OK  [0m] Started Execute cloud user/final scripts.
[[0;32m  OK  [[   28.447060] cloud-init[1288]: Cloud-init v. 19.4-33-gbb4131a2-0ubuntu1~18.04.1 finished at Wed, 11 Mar 2020 12:32:19 +0000. Datasource DataSourceNoCloud [seed=/dev/sdb][dsmode=net].  Up 28.29 seconds

Ubuntu 18.04.4 LTS ubuntu-bionic ttyS0

ubuntu-bionic login: 